<?xml version="1.0" encoding="UTF-8"?>
<!-- Generated by org.testng.reporters.JUnitXMLReporter -->
<testsuite ignored="0" hostname="DESKTOP-TRL4B08" failures="1" tests="7" name="Test" time="138.304" errors="0" timestamp="2023-02-02T22:55:41 BDT">
  <testcase classname="test.com.TextExecution" name="lunchURL" time="42.638"/>
  <testcase classname="test.com.TextExecution" name="loginToSite" time="2.399"/>
  <testcase classname="test.com.TextExecution" name="addEmployee" time="61.592"/>
  <testcase classname="test.com.TextExecution" name="openDirectory" time="6.381"/>
  <testcase classname="test.com.TextExecution" name="setSearchCriteria" time="13.628"/>
  <testcase classname="test.com.TextExecution" name="performSearch" time="5.11"/>
  <testcase classname="test.com.TextExecution" name="verifySearch" time="2.262">
    <failure type="java.lang.AssertionError" message="Work Email Not Matched expected [true] but found [false]">
      <![CDATA[java.lang.AssertionError: Work Email Not Matched expected [true] but found [false]
at page.com.DirectoryPage.verifySeach(DirectoryPage.java:81)
at test.com.TextExecution.verifySearch(TextExecution.java:95)
at java.base/java.util.ArrayList.forEach(ArrayList.java:1511)
... Removed 30 stack frames]]>
    </failure>
  </testcase> <!-- verifySearch -->
</testsuite> <!-- Test -->
