<?xml version="1.0" encoding="UTF-8"?>
<testng-results ignored="0" total="0" passed="0" failed="0" skipped="0">
  <reporter-output>
  </reporter-output>
  <suite started-at="2023-02-02T23:24:05 BDT" name="utils.TestUtils" finished-at="2023-02-02T23:24:05 BDT" duration-ms="26">
    <groups>
    </groups>
    <test started-at="2023-02-02T23:24:05 BDT" name="Command line test" finished-at="2023-02-02T23:24:05 BDT" duration-ms="26">
    </test> <!-- Command line test -->
  </suite> <!-- utils.TestUtils -->
</testng-results>
